<?xml version="1.0" encoding="UTF-8" ?>
<<<<<<< HEAD
<testsuite errors="0" failures="0" hostname="DESKTOP-2MD63LK" name="simulator.DummyIntegrationTest" skipped="2" tests="3" time="0.079" timestamp="2016-11-19T23:34:24">
=======
<testsuite errors="0" failures="0" hostname="DESKTOP-2MD63LK" name="simulator.DummyIntegrationTest" skipped="2" tests="3" time="0.329" timestamp="2016-11-20T00:23:57">
>>>>>>> 85d1aef655b163f507fb490cb22deb4121ffd155
  <properties>
    <property name="libs.jsp-compiler.javadoc" value="" />
    <property name="netbeans.autoupdate.country" value="US" />
    <property name="javac.test.classpath" value=":build/classes:C:\Program Files\NetBeans 8.1\platform\modules\ext\junit-4.12.jar:C:\Program Files\NetBeans 8.1\platform\modules\ext\hamcrest-core-1.3.jar" />
    <property name="libs.jsf20.maven-pom" value="" />
    <property name="libs.DataBindingME.src" value="C:\Program Files\NetBeans 8.1\mobility\sources\netbeans_databindingme-src.zip" />
    <property name="libs.spring-webmvc4.0.src" value="" />
    <property name="javac.includes" value="simulator/DummyIntegrationTest.java" />
    <property name="ant.core.lib" value="C:\Program Files\NetBeans 8.1\extide\ant\lib\ant.jar" />
    <property name="javadoc.windowtitle" value="" />
    <property name="libs.jsp-compilation.javadoc" value="" />
    <property name="user.dir" value="C:\Users\pjhud\Documents\NetBeansProjects\operating-system-simulator\OperatingSystemSimulator" />
    <property name="libs.javaee-api-7.0.src" value="" />
    <property name="java.vm.version" value="25.101-b13" />
    <property name="libs.DataBindingME.classpath" value="C:\Program Files\NetBeans 8.1\mobility\modules\ext\netbeans_databindingme.jar" />
    <property name="libs.j2me_common_ant.src" value="" />
    <property name="libs.MySQLDriver.classpath" value="C:\Program Files\NetBeans 8.1\ide\modules\ext\mysql-connector-java-5.1.23-bin.jar" />
    <property name="libs.eclipselinkmodelgen.src" value="" />
    <property name="javadoc.notree" value="false" />
    <property name="netbeans.autoupdate.version" value="1.23" />
    <property name="libs.javaee-web-api-6.0.classpath" value="C:\Program Files\NetBeans 8.1\enterprise\modules\ext\javaee-web-api-6.0.jar" />
    <property name="libs.DataBindingME-PIM.maven-pom" value="" />
    <property name="javac.profile.cmd.line.arg" value="" />
    <property name="jdk.home" value="C:\Program Files\Java\jdk1.8.0_101" />
    <property name="ant.file.type.OperatingSystemSimulator-impl" value="file" />
    <property name="libs.javac-api.src" value="" />
    <property name="javadoc.noindex" value="false" />
    <property name="libs.jpa2-persistence.classpath" value="C:\Program Files\NetBeans 8.1\java\modules\ext\hibernate4\hibernate-jpa-2.1-api-1.0.0.Final.jar" />
    <property name="sun.os.patch.level" value="" />
    <property name="do.archive+manifest.available" value="true" />
    <property name="java.vm.specification.name" value="Java Virtual Machine Specification" />
    <property name="nb.show.statistics.ui" value="usageStatisticsEnabled" />
    <property name="netbeans.autoupdate.variant" value="" />
    <property name="have.tests" value="true" />
    <property name="org.xml.sax.driver" value="com.sun.org.apache.xerces.internal.jaxp.SAXParserImpl$JAXPSAXParser" />
    <property name="libs.hamcrest.classpath" value="C:\Program Files\NetBeans 8.1\platform\modules\ext\hamcrest-core-1.3.jar" />
    <property name="libs.javac-api.javadoc" value="" />
    <property name="os.name" value="Windows 10" />
    <property name="test.class" value="simulator.DummyIntegrationTest" />
    <property name="libs.beans-binding.classpath" value="C:\Program Files\NetBeans 8.1\java\modules\ext\beansbinding-1.2.1.jar" />
    <property name="libs.javaee-endorsed-api-7.0.maven-pom" value="" />
    <property name="ap.proc.none.internal" value="" />
    <property name="libs.DataBindingME-SVG.javadoc" value="C:\Program Files\NetBeans 8.1\mobility\modules\docs\netbeans_databindingme_svg-api.zip" />
    <property name="libs.restapi.javadoc" value="" />
    <property name="libs.JWSAntTasks.maven-pom" value="" />
    <property name="libs.jstl.classpath" value="C:\Program Files\NetBeans 8.1\enterprise\modules\ext\jstl-impl.jar;C:\Program Files\NetBeans 8.1\enterprise\modules\ext\jstl-api.jar" />
    <property name="libs.testng.src" value="" />
    <property name="libs.spring-webmvc3.0.src" value="" />
    <property name="libs.restapi.classpath" value="C:\Program Files\NetBeans 8.1\enterprise\modules\ext\jaxrs-2.0\javax.ws.rs-api-2.0.jar" />
    <property name="java.vendor.url.bug" value="http://bugreport.sun.com/bugreport/" />
    <property name="libs.jaxb.maven-pom" value="" />
    <property name="os.arch" value="amd64" />
    <property name="libs.eclipselink.src" value="" />
    <property name="user.name" value="pjhud" />
    <property name="libs.jsf12.javadoc" value="C:\Program Files\NetBeans 8.1\enterprise\docs\javaee-doc-api.jar" />
    <property name="copylibs.rebase" value="true" />
    <property name="libs.j2me_common_ant.maven-pom" value="" />
    <property name="libs.spring-webmvc3.0.maven-pom" value="" />
    <property name="libs.swing-layout.maven-pom" value="" />
<<<<<<< HEAD
    <property name="sun.java.command" value="org.apache.tools.ant.taskdefs.optional.junit.JUnitTestRunner simulator.DummyIntegrationTest skipNonTests=false filtertrace=true haltOnError=false haltOnFailure=false showoutput=true outputtoformatters=true logfailedtests=true threadid=0 logtestlistenerevents=true formatter=org.apache.tools.ant.taskdefs.optional.junit.BriefJUnitResultFormatter formatter=org.apache.tools.ant.taskdefs.optional.junit.XMLJUnitResultFormatter,C:\Users\pjhud\Documents\NetBeansProjects\operating-system-simulator\OperatingSystemSimulator\build\test\results\TEST-simulator.DummyIntegrationTest.xml crashfile=C:\Users\pjhud\Documents\NetBeansProjects\operating-system-simulator\OperatingSystemSimulator\build\junitvmwatcher9011613010408984443.properties propsfile=C:\Users\pjhud\Documents\NetBeansProjects\operating-system-simulator\OperatingSystemSimulator\build\junit8840422379046816136.properties" />
=======
    <property name="sun.java.command" value="org.apache.tools.ant.taskdefs.optional.junit.JUnitTestRunner simulator.DummyIntegrationTest skipNonTests=false filtertrace=true haltOnError=false haltOnFailure=false showoutput=true outputtoformatters=true logfailedtests=true threadid=0 logtestlistenerevents=true formatter=org.apache.tools.ant.taskdefs.optional.junit.BriefJUnitResultFormatter formatter=org.apache.tools.ant.taskdefs.optional.junit.XMLJUnitResultFormatter,C:\Users\pjhud\Documents\NetBeansProjects\operating-system-simulator\OperatingSystemSimulator\build\test\results\TEST-simulator.DummyIntegrationTest.xml crashfile=C:\Users\pjhud\Documents\NetBeansProjects\operating-system-simulator\OperatingSystemSimulator\build\junitvmwatcher8535710898902319075.properties propsfile=C:\Users\pjhud\Documents\NetBeansProjects\operating-system-simulator\OperatingSystemSimulator\build\junit4122866512545427207.properties" />
>>>>>>> 85d1aef655b163f507fb490cb22deb4121ffd155
    <property name="build.classes.dir" value="build/classes" />
    <property name="netbeans.accept_license_class" value="org.netbeans.license.AcceptLicense" />
    <property name="build.sysclasspath" value="ignore" />
    <property name="ap.supported.internal" value="true" />
    <property name="java.failonerror" value="true" />
    <property name="libs.javaee-endorsed-api-7.0.javadoc" value="C:\Program Files\NetBeans 8.1\enterprise\docs\javaee-doc-api.jar" />
    <property name="libs.jaxws21.javadoc" value="C:\Program Files\NetBeans 8.1\java\docs\jaxws-api-doc.zip" />
    <property name="libs.spring-webmvc4.0.javadoc" value="" />
    <property name="includes" value="**" />
    <property name="user.country" value="US" />
    <property name="manifest.file" value="manifest.mf" />
    <property name="javadoc.encoding" value="UTF-8" />
    <property name="javac.classpath" value="" />
    <property name="libs.jsp-compilation-syscp.src" value="" />
    <property name="libs.spring-framework400.classpath" value="C:\Program Files\NetBeans 8.1\ide\modules\org-apache-commons-logging.jar;C:\Program Files\NetBeans 8.1\java\modules\ext\cglib-2.2.jar;C:\Program Files\NetBeans 8.1\java\modules\ext\spring-4\spring-aop-4.0.1.RELEASE.jar;C:\Program Files\NetBeans 8.1\java\modules\ext\spring-4\spring-aspects-4.0.1.RELEASE.jar;C:\Program Files\NetBeans 8.1\java\modules\ext\spring-4\spring-beans-4.0.1.RELEASE.jar;C:\Program Files\NetBeans 8.1\java\modules\ext\spring-4\spring-build-src-4.0.1.RELEASE.jar;C:\Program Files\NetBeans 8.1\java\modules\ext\spring-4\spring-context-4.0.1.RELEASE.jar;C:\Program Files\NetBeans 8.1\java\modules\ext\spring-4\spring-context-support-4.0.1.RELEASE.jar;C:\Program Files\NetBeans 8.1\java\modules\ext\spring-4\spring-core-4.0.1.RELEASE.jar;C:\Program Files\NetBeans 8.1\java\modules\ext\spring-4\spring-expression-4.0.1.RELEASE.jar;C:\Program Files\NetBeans 8.1\java\modules\ext\spring-4\spring-framework-bom-4.0.1.RELEASE.jar;C:\Program Files\NetBeans 8.1\java\modules\ext\spring-4\spring-instrument-4.0.1.RELEASE.jar;C:\Program Files\NetBeans 8.1\java\modules\ext\spring-4\spring-instrument-tomcat-4.0.1.RELEASE.jar;C:\Program Files\NetBeans 8.1\java\modules\ext\spring-4\spring-jdbc-4.0.1.RELEASE.jar;C:\Program Files\NetBeans 8.1\java\modules\ext\spring-4\spring-jms-4.0.1.RELEASE.jar;C:\Program Files\NetBeans 8.1\java\modules\ext\spring-4\spring-messaging-4.0.1.RELEASE.jar;C:\Program Files\NetBeans 8.1\java\modules\ext\spring-4\spring-orm-4.0.1.RELEASE.jar;C:\Program Files\NetBeans 8.1\java\modules\ext\spring-4\spring-oxm-4.0.1.RELEASE.jar;C:\Program Files\NetBeans 8.1\java\modules\ext\spring-4\spring-test-4.0.1.RELEASE.jar;C:\Program Files\NetBeans 8.1\java\modules\ext\spring-4\spring-tx-4.0.1.RELEASE.jar;C:\Program Files\NetBeans 8.1\java\modules\ext\spring-4\spring-web-4.0.1.RELEASE.jar;C:\Program Files\NetBeans 8.1\java\modules\ext\spring-4\spring-webmvc-4.0.1.RELEASE.jar;C:\Program Files\NetBeans 8.1\java\modules\ext\spring-4\spring-webmvc-portlet-4.0.1.RELEASE.jar;C:\Program Files\NetBeans 8.1\java\modules\ext\spring-4\spring-websocket-4.0.1.RELEASE.jar" />
    <property name="debug-transport" value="dt_shmem" />
    <property name="netbeans.home" value="C:\Program Files\NetBeans 8.1\platform" />
    <property name="build.compiler.emacs" value="true" />
    <property name="libs.javaee-web-api-6.0.src" value="" />
    <property name="libs.jsp-compilation-syscp.classpath" value="C:\Program Files\NetBeans 8.1\extide\ant\lib\ant.jar;C:\Program Files\NetBeans 8.1\enterprise\modules\ext\servlet3.1-jsp2.3-api.jar;C:\Program Files\NetBeans 8.1\enterprise\modules\ext\glassfish-jspparser-4.0.jar;C:\Program Files\NetBeans 8.1\enterprise\modules\ext\jstl-impl.jar;C:\Program Files\NetBeans 8.1\enterprise\modules\ext\jsf-2_2\javax.faces.jar" />
    <property name="java.endorsed.dirs" value="C:\Program Files\Java\jdk1.8.0_101\jre\lib\endorsed" />
    <property name="libs.groovy-all.src" value="" />
    <property name="test.includes" value="simulator/DummyIntegrationTest.java" />
    <property name="netbeans.dynamic.classpath" value="C:\Program Files\NetBeans 8.1\platform\core\asm-all-5.0.1.jar;C:\Program Files\NetBeans 8.1\platform\core\core-base.jar;C:\Program Files\NetBeans 8.1\platform\core\core.jar;C:\Program Files\NetBeans 8.1\platform\core\org-netbeans-libs-asm.jar;C:\Program Files\NetBeans 8.1\platform\core\org-openide-filesystems-compat8.jar;C:\Program Files\NetBeans 8.1\platform\core\org-openide-filesystems.jar;C:\Program Files\NetBeans 8.1\platform\core\locale\core-base_ja.jar;C:\Program Files\NetBeans 8.1\platform\core\locale\core-base_pt_BR.jar;C:\Program Files\NetBeans 8.1\platform\core\locale\core-base_ru.jar;C:\Program Files\NetBeans 8.1\platform\core\locale\core-base_zh_CN.jar;C:\Program Files\NetBeans 8.1\platform\core\locale\core_ja.jar;C:\Program Files\NetBeans 8.1\platform\core\locale\core_pt_BR.jar;C:\Program Files\NetBeans 8.1\platform\core\locale\core_ru.jar;C:\Program Files\NetBeans 8.1\platform\core\locale\core_zh_CN.jar;C:\Program Files\NetBeans 8.1\platform\core\locale\org-netbeans-libs-asm_ja.jar;C:\Program Files\NetBeans 8.1\platform\core\locale\org-netbeans-libs-asm_pt_BR.jar;C:\Program Files\NetBeans 8.1\platform\core\locale\org-netbeans-libs-asm_ru.jar;C:\Program Files\NetBeans 8.1\platform\core\locale\org-netbeans-libs-asm_zh_CN.jar;C:\Program Files\NetBeans 8.1\platform\core\locale\org-openide-filesystems-compat8_ja.jar;C:\Program Files\NetBeans 8.1\platform\core\locale\org-openide-filesystems-compat8_pt_BR.jar;C:\Program Files\NetBeans 8.1\platform\core\locale\org-openide-filesystems-compat8_ru.jar;C:\Program Files\NetBeans 8.1\platform\core\locale\org-openide-filesystems-compat8_zh_CN.jar;C:\Program Files\NetBeans 8.1\platform\core\locale\org-openide-filesystems_ja.jar;C:\Program Files\NetBeans 8.1\platform\core\locale\org-openide-filesystems_pt_BR.jar;C:\Program Files\NetBeans 8.1\platform\core\locale\org-openide-filesystems_ru.jar;C:\Program Files\NetBeans 8.1\platform\core\locale\org-openide-filesystems_zh_CN.jar;C:\Program Files\NetBeans 8.1\nb\core\org-netbeans-upgrader.jar;C:\Program Files\NetBeans 8.1\nb\core\locale\core_nb.jar;C:\Program Files\NetBeans 8.1\nb\core\locale\core_nb_ja.jar;C:\Program Files\NetBeans 8.1\nb\core\locale\core_nb_pt_BR.jar;C:\Program Files\NetBeans 8.1\nb\core\locale\core_nb_ru.jar;C:\Program Files\NetBeans 8.1\nb\core\locale\core_nb_zh_CN.jar;C:\Program Files\NetBeans 8.1\nb\core\locale\org-netbeans-upgrader_ja.jar;C:\Program Files\NetBeans 8.1\nb\core\locale\org-netbeans-upgrader_pt_BR.jar;C:\Program Files\NetBeans 8.1\nb\core\locale\org-netbeans-upgrader_ru.jar;C:\Program Files\NetBeans 8.1\nb\core\locale\org-netbeans-upgrader_zh_CN.jar" />
    <property name="java.vm.specification.version" value="1.8" />
    <property name="libs.hibernate4-support.src" value="" />
    <property name="libs.primefaces.classpath" value="C:\Program Files\NetBeans 8.1\enterprise\modules\ext\primefaces\primefaces-5.0.jar" />
    <property name="libs.javaee-api-6.0.classpath" value="C:\Program Files\NetBeans 8.1\enterprise\modules\ext\javaee-api-6.0.jar" />
    <property name="libs.groovy-all.maven-pom" value="" />
    <property name="netbeans.productversion" value="NetBeans IDE 8.1 (Build 201510222201)" />
    <property name="libs.jaxws21.src" value="" />
    <property name="do.archive" value="true" />
    <property name="netbeans.autoupdate.language" value="en" />
    <property name="java.vendor" value="Oracle Corporation" />
    <property name="libs.javaee-api-6.0.javadoc" value="C:\Program Files\NetBeans 8.1\enterprise\docs\javaee-doc-api.jar" />
    <property name="jar.index.metainf" value="false" />
    <property name="javac.debug" value="true" />
    <property name="javadoc.splitindex" value="true" />
    <property name="file.separator" value="\" />
<<<<<<< HEAD
    <property name="javac.includesfile.binary" value="C:\Users\pjhud\Documents\NetBeansProjects\operating-system-simulator\OperatingSystemSimulator\null9386341" />
=======
    <property name="javac.includesfile.binary" value="C:\Users\pjhud\Documents\NetBeansProjects\operating-system-simulator\OperatingSystemSimulator\null201833792" />
>>>>>>> 85d1aef655b163f507fb490cb22deb4121ffd155
    <property name="libs.junit_4.maven-pom" value="" />
    <property name="mkdist.disabled" value="false" />
    <property name="javac.test.processorpath" value=":build/classes:C:\Program Files\NetBeans 8.1\platform\modules\ext\junit-4.12.jar:C:\Program Files\NetBeans 8.1\platform\modules\ext\hamcrest-core-1.3.jar" />
    <property name="netbeans.buildnumber" value="201510222201" />
    <property name="libs.JWSAntTasks.javadoc" value="" />
    <property name="build.generated.sources.dir" value="build/generated-sources" />
    <property name="user.variant" value="" />
    <property name="libs.eclipselinkmodelgen.classpath" value="C:\Program Files\NetBeans 8.1\java\modules\ext\eclipselink\org.eclipse.persistence.jpa.modelgen_2.5.2.v20140319-9ad6abd.jar" />
    <property name="libs.javaee-endorsed-api-7.0.src" value="" />
    <property name="sun.java.launcher" value="SUN_STANDARD" />
    <property name="libs.hibernate4-persistencemodelgen.javadoc" value="" />
    <property name="ant.file.OperatingSystemSimulator" value="C:\Users\pjhud\Documents\NetBeansProjects\operating-system-simulator\OperatingSystemSimulator\build.xml" />
    <property name="libs.jaxb.javadoc" value="C:\Program Files\NetBeans 8.1\ide\docs\jaxb-api-doc.zip" />
    <property name="libs.struts.classpath" value="C:\Program Files\NetBeans 8.1\enterprise\modules\ext\struts\antlr-2.7.2.jar;C:\Program Files\NetBeans 8.1\enterprise\modules\ext\struts\bsf-2.3.0.jar;C:\Program Files\NetBeans 8.1\enterprise\modules\ext\struts\commons-beanutils-1.8.0.jar;C:\Program Files\NetBeans 8.1\enterprise\modules\ext\struts\commons-chain-1.2.jar;C:\Program Files\NetBeans 8.1\enterprise\modules\ext\struts\commons-digester-1.8.jar;C:\Program Files\NetBeans 8.1\enterprise\modules\ext\struts\commons-fileupload-1.1.1.jar;C:\Program Files\NetBeans 8.1\enterprise\modules\ext\struts\commons-io-1.1.jar;C:\Program Files\NetBeans 8.1\enterprise\modules\ext\struts\commons-logging-1.0.4.jar;C:\Program Files\NetBeans 8.1\enterprise\modules\ext\struts\commons-validator-1.3.1.jar;C:\Program Files\NetBeans 8.1\enterprise\modules\ext\struts\jstl-1.0.2.jar;C:\Program Files\NetBeans 8.1\enterprise\modules\ext\struts\oro-2.0.8.jar;C:\Program Files\NetBeans 8.1\enterprise\modules\ext\struts\standard-1.0.6.jar;C:\Program Files\NetBeans 8.1\enterprise\modules\ext\struts\struts-core-1.3.10.jar;C:\Program Files\NetBeans 8.1\enterprise\modules\ext\struts\struts-el-1.3.10.jar;C:\Program Files\NetBeans 8.1\enterprise\modules\ext\struts\struts-extras-1.3.10.jar;C:\Program Files\NetBeans 8.1\enterprise\modules\ext\struts\struts-faces-1.3.10.jar;C:\Program Files\NetBeans 8.1\enterprise\modules\ext\struts\struts-mailreader-dao-1.3.10.jar;C:\Program Files\NetBeans 8.1\enterprise\modules\ext\struts\struts-scripting-1.3.10.jar;C:\Program Files\NetBeans 8.1\enterprise\modules\ext\struts\struts-taglib-1.3.10.jar;C:\Program Files\NetBeans 8.1\enterprise\modules\ext\struts\struts-tiles-1.3.10.jar" />
    <property name="javac.includes.binary" value="C:\Users\pjhud\Documents\NetBeansProjects\operating-system-simulator\OperatingSystemSimulator\build\test\classes\simulator\DummyIntegrationTest.class" />
    <property name="ant.home" value="C:\Program Files\NetBeans 8.1\extide\ant" />
    <property name="libs.junit_4.src" value="C:\Program Files\NetBeans 8.1\platform\docs\junit-4.12-sources.jar" />
    <property name="libs.testng.classpath" value="C:\Program Files\NetBeans 8.1\platform\modules\ext\testng-6.8.1-dist.jar" />
    <property name="libs.absolutelayout.maven-pom" value="" />
    <property name="ant.java.version" value="1.8" />
    <property name="java.library.path" value="C:\Program Files\Java\jdk1.8.0_101\jre\bin;C:\WINDOWS\Sun\Java\bin;C:\WINDOWS\system32;C:\WINDOWS;C:\ProgramData\Oracle\Java\javapath;C:\Program Files (x86)\Intel\iCLS Client\;C:\Program Files\Intel\iCLS Client\;C:\WINDOWS\system32;C:\WINDOWS;C:\WINDOWS\System32\Wbem;C:\WINDOWS\System32\WindowsPowerShell\v1.0\;c:\Program Files (x86)\ATI Technologies\ATI.ACE\Core-Static;C:\Program Files (x86)\Intel\Intel(R) Management Engine Components\DAL;C:\Program Files\Intel\Intel(R) Management Engine Components\DAL;C:\Program Files (x86)\Intel\Intel(R) Management Engine Components\IPT;C:\Program Files\Intel\Intel(R) Management Engine Components\IPT;C:\Program Files\Intel\WiFi\bin\;C:\Program Files\Common Files\Intel\WirelessCommon\;C:\Program Files\Git\cmd;C:\Program Files (x86)\scala\bin;C:\Program Files (x86)\sbt\bin;C:\Users\pjhud\AppData\Local\Microsoft\WindowsApps;C:\MingGW\bin;." />
    <property name="javadoc.author" value="false" />
    <property name="libs.metro.maven-pom" value="" />
    <property name="java.util.logging.config.class" value="org.netbeans.core.startup.TopLogging" />
    <property name="libs.spring-framework400.src" value="" />
    <property name="libs.PostgreSQLDriver.src" value="" />
    <property name="sun.arch.data.model" value="64" />
    <property name="basedir" value="C:\Users\pjhud\Documents\NetBeansProjects\operating-system-simulator\OperatingSystemSimulator" />
    <property name="libs.jpa20-persistence.maven-pom" value="" />
    <property name="jar.compress" value="false" />
    <property name="libs.javaee-web-api-7.0.classpath" value="C:\Program Files\NetBeans 8.1\enterprise\modules\ext\javaee-web-api-7.0.jar" />
    <property name="path.separator" value=";" />
    <property name="libs.javaee-web-api-6.0.javadoc" value="C:\Program Files\NetBeans 8.1\enterprise\docs\javaee-doc-api.jar" />
    <property name="ant.junit.enabletestlistenerevents" value="true" />
    <property name="sun.io.unicode.encoding" value="UnicodeLittle" />
    <property name="libs.jaxws21.classpath" value="C:\Program Files\NetBeans 8.1\ide\modules\ext\jaxb\jaxb-impl.jar;C:\Program Files\NetBeans 8.1\ide\modules\ext\jaxb\jaxb-xjc.jar;C:\Program Files\NetBeans 8.1\java\modules\ext\jaxws22\FastInfoset.jar;C:\Program Files\NetBeans 8.1\java\modules\ext\jaxws22\gmbal-api-only.jar;C:\Program Files\NetBeans 8.1\java\modules\ext\jaxws22\ha-api.jar;C:\Program Files\NetBeans 8.1\java\modules\ext\jaxws22\javax.mail_1.4.jar;C:\Program Files\NetBeans 8.1\java\modules\ext\jaxws22\jaxws-rt.jar;C:\Program Files\NetBeans 8.1\java\modules\ext\jaxws22\jaxws-tools.jar;C:\Program Files\NetBeans 8.1\java\modules\ext\jaxws22\management-api.jar;C:\Program Files\NetBeans 8.1\java\modules\ext\jaxws22\mimepull.jar;C:\Program Files\NetBeans 8.1\java\modules\ext\jaxws22\policy.jar;C:\Program Files\NetBeans 8.1\java\modules\ext\jaxws22\saaj-impl.jar;C:\Program Files\NetBeans 8.1\java\modules\ext\jaxws22\stax-ex.jar;C:\Program Files\NetBeans 8.1\java\modules\ext\jaxws22\stax2-api.jar;C:\Program Files\NetBeans 8.1\java\modules\ext\jaxws22\streambuffer.jar;C:\Program Files\NetBeans 8.1\java\modules\ext\jaxws22\woodstox-core-asl.jar;C:\Program Files\NetBeans 8.1\java\modules\ext\jaxws22\api\jaxws-api.jar;C:\Program Files\NetBeans 8.1\java\modules\ext\jaxws22\api\jsr181-api.jar;C:\Program Files\NetBeans 8.1\java\modules\ext\jaxws22\api\javax.annotation.jar;C:\Program Files\NetBeans 8.1\java\modules\ext\jaxws22\api\saaj-api.jar;C:\Program Files\NetBeans 8.1\ide\modules\ext\jaxb\activation.jar;C:\Program Files\NetBeans 8.1\ide\modules\ext\jaxb\api\jaxb-api.jar;C:\Program Files\NetBeans 8.1\ide\modules\ext\jaxb\api\jsr173_1.0_api.jar" />
    <property name="libs.struts.src" value="" />
    <property name="apple.awt.graphics.UseQuartz" value="true" />
    <property name="user.language" value="en" />
    <property name="testng.mode" value="testng" />
    <property name="libs.JAXB-ENDORSED.maven-pom" value="" />
    <property name="libs.eclipselink.maven-pom" value="" />
    <property name="test.binaryincludes" value="&lt;nothing&gt;" />
    <property name="manifest.available" value="true" />
    <property name="libs.primefaces.javadoc" value="" />
    <property name="libs.spring-framework300.maven-pom" value="" />
    <property name="run.test.classpath" value=":build/classes:C:\Program Files\NetBeans 8.1\platform\modules\ext\junit-4.12.jar:C:\Program Files\NetBeans 8.1\platform\modules\ext\hamcrest-core-1.3.jar:build/test/classes" />
    <property name="ant.project.invoked-targets" value="test-single" />
    <property name="test.binaryexcludes" value="" />
    <property name="libs.swing-layout.javadoc" value="C:\Program Files\NetBeans 8.1\platform\docs\swing-layout-1.0.4-doc.zip" />
    <property name="sun.java2d.dpiaware" value="true" />
    <property name="libs.hibernate4-persistence.maven-pom" value="" />
    <property name="libs.DataBindingME-SVG.classpath" value="C:\Program Files\NetBeans 8.1\mobility\modules\ext\netbeans_databindingme_svg.jar" />
    <property name="https.nonProxyHosts" value="localhost|127.0.0.1|DESKTOP-2MD63LK" />
    <property name="libs.PostgreSQLDriver.maven-pom" value="" />
    <property name="java.class.version" value="52.0" />
    <property name="libs.hibernate4-persistencemodelgen.maven-pom" value="" />
    <property name="libs.javaee-endorsed-api-6.0.src" value="" />
    <property name="libs.eclipselink.javadoc" value="C:\Program Files\NetBeans 8.1\java\modules\ext\docs\javax.persistence-2.1.0-doc.zip" />
    <property name="libs.jsp-compilation.maven-pom" value="" />
    <property name="user.properties.file" value="C:\Users\pjhud\AppData\Roaming\NetBeans\8.1\build.properties" />
    <property name="runtime.encoding" value="UTF-8" />
    <property name="libs.javac-api.maven-pom" value="" />
    <property name="file.encoding.pkg" value="sun.io" />
    <property name="sun.cpu.endian" value="little" />
    <property name="libs.JAXB-ENDORSED.javadoc" value="" />
    <property name="libs.JWSAntTasks.classpath" value="C:\Program Files\NetBeans 8.1\java\ant\extra\org-netbeans-modules-javawebstart-anttasks.jar" />
    <property name="libs.spring-webmvc4.0.maven-pom" value="" />
    <property name="libs.spring-framework300.src" value="" />
    <property name="libs.jstl.src" value="" />
    <property name="empty.dir" value="C:\Users\pjhud\Documents\NetBeansProjects\operating-system-simulator\OperatingSystemSimulator\build\empty" />
    <property name="version-output" value="java version &quot;1.8" />
    <property name="test.binarytestincludes" value="" />
    <property name="libs.hibernate4-persistencemodelgen.src" value="" />
    <property name="javadoc.preview" value="true" />
    <property name="libs.jpa20-persistence.javadoc" value="C:\Program Files\NetBeans 8.1\java\modules\ext\docs\javax.persistence-2.1.0-doc.zip" />
    <property name="java.home" value="C:\Program Files\Java\jdk1.8.0_101\jre" />
    <property name="ant.file.type.OperatingSystemSimulator" value="file" />
    <property name="libs.jsp-compilation.src" value="" />
    <property name="debug.test.classpath" value=":build/classes:C:\Program Files\NetBeans 8.1\platform\modules\ext\junit-4.12.jar:C:\Program Files\NetBeans 8.1\platform\modules\ext\hamcrest-core-1.3.jar:build/test/classes" />
    <property name="libs.javaee-endorsed-api-6.0.classpath" value="C:\Program Files\NetBeans 8.1\enterprise\modules\ext\javaee6-endorsed\javax.annotation.jar;C:\Program Files\NetBeans 8.1\enterprise\modules\ext\javaee6-endorsed\jaxb-api-osgi.jar;C:\Program Files\NetBeans 8.1\enterprise\modules\ext\javaee6-endorsed\webservices-api-osgi.jar" />
    <property name="libs.javaee-api-6.0.src" value="" />
    <property name="netbeans.importclass" value="org.netbeans.upgrade.AutoUpgrade" />
    <property name="ant.project.default-target" value="default" />
    <property name="annotation.processing.run.all.processors" value="true" />
    <property name="libs.DataBindingME.maven-pom" value="" />
    <property name="libs.PostgreSQLDriver.javadoc" value="" />
    <property name="libs.restlib.classpath" value="C:\Program Files\NetBeans 8.1\enterprise\modules\ext\jersey2\ext\asm-all-repackaged-2.2.0-b21.jar;C:\Program Files\NetBeans 8.1\enterprise\modules\ext\jersey2\ext\cglib-2.2.0-b21.jar;C:\Program Files\NetBeans 8.1\enterprise\modules\ext\jersey2\ext\guava-14.0.1.jar;C:\Program Files\NetBeans 8.1\enterprise\modules\ext\jersey2\ext\hk2-api-2.2.0-b21.jar;C:\Program Files\NetBeans 8.1\enterprise\modules\ext\jersey2\ext\hk2-locator-2.2.0-b21.jar;C:\Program Files\NetBeans 8.1\enterprise\modules\ext\jersey2\ext\hk2-utils-2.2.0-b21.jar;C:\Program Files\NetBeans 8.1\enterprise\modules\ext\jersey2\ext\javax.annotation-api-1.2.jar;C:\Program Files\NetBeans 8.1\enterprise\modules\ext\jersey2\ext\javax.inject-2.2.0-b21.jar;C:\Program Files\NetBeans 8.1\enterprise\modules\ext\jersey2\ext\javax.servlet-api-3.0.1.jar;C:\Program Files\NetBeans 8.1\enterprise\modules\ext\jersey2\ext\jaxb-api-2.2.7.jar;C:\Program Files\NetBeans 8.1\enterprise\modules\ext\jersey2\ext\jersey-entity-filtering-2.5.1.jar;C:\Program Files\NetBeans 8.1\enterprise\modules\ext\jersey2\ext\jersey-media-moxy-2.5.1.jar;C:\Program Files\NetBeans 8.1\enterprise\modules\ext\jersey2\ext\org.osgi.core-4.2.0.jar;C:\Program Files\NetBeans 8.1\enterprise\modules\ext\jersey2\ext\osgi-resource-locator-1.0.1.jar;C:\Program Files\NetBeans 8.1\enterprise\modules\ext\jersey2\ext\persistence-api-1.0.jar;C:\Program Files\NetBeans 8.1\enterprise\modules\ext\jersey2\ext\validation-api-1.1.0.Final.jar;C:\Program Files\NetBeans 8.1\enterprise\modules\ext\jersey2\jersey-client.jar;C:\Program Files\NetBeans 8.1\enterprise\modules\ext\jersey2\jersey-common.jar;C:\Program Files\NetBeans 8.1\enterprise\modules\ext\jersey2\jersey-container-servlet.jar;C:\Program Files\NetBeans 8.1\enterprise\modules\ext\jersey2\jersey-container-servlet-core.jar;C:\Program Files\NetBeans 8.1\enterprise\modules\ext\jersey2\jersey-server.jar;C:\Program Files\NetBeans 8.1\java\modules\ext\eclipselink\eclipselink.jar" />
    <property name="libs.MySQLDriver.maven-pom" value="" />
    <property name="libs.hibernate4-persistence.javadoc" value="C:\Program Files\NetBeans 8.1\java\modules\ext\docs\javax.persistence-2.1.0-doc.zip" />
    <property name="http.nonProxyHosts" value="localhost|127.0.0.1|DESKTOP-2MD63LK" />
    <property name="libs.junit_4.javadoc" value="C:\Program Files\NetBeans 8.1\platform\docs\junit-4.12-javadoc.jar" />
    <property name="libs.javaee-web-api-6.0.maven-pom" value="" />
    <property name="run.classpath" value=":build/classes" />
    <property name="jna.boot.library.name" value="jnidispatch-410" />
    <property name="libs.javaee-endorsed-api-6.0.javadoc" value="C:\Program Files\NetBeans 8.1\enterprise\docs\javaee-doc-api.jar" />
    <property name="libs.javaee-api-7.0.classpath" value="C:\Program Files\NetBeans 8.1\enterprise\modules\ext\javaee-api-7.0.jar" />
    <property name="sun.awt.datatransfer.timeout" value="1000" />
    <property name="libs.spring-webmvc3.0.javadoc" value="" />
    <property name="libs.jpa2-persistence.maven-pom" value="" />
    <property name="annotation.processing.enabled.in.editor" value="false" />
    <property name="libs.hibernate4-support.classpath" value="C:\Program Files\NetBeans 8.1\java\modules\ext\hibernate4\antlr-2.7.7.jar;C:\Program Files\NetBeans 8.1\java\modules\ext\hibernate4\c3p0-0.9.2.1.jar;C:\Program Files\NetBeans 8.1\java\modules\ext\hibernate4\hibernate-c3p0-4.3.1.Final.jar;C:\Program Files\NetBeans 8.1\java\modules\ext\hibernate4\mchange-commons-java-0.2.3.4.jar;C:\Program Files\NetBeans 8.1\java\modules\ext\hibernate4\dom4j-1.6.1.jar;C:\Program Files\NetBeans 8.1\java\modules\ext\hibernate4\ehcache-core-2.4.3.jar;C:\Program Files\NetBeans 8.1\java\modules\ext\hibernate4\hibernate-ehcache-4.3.1.Final.jar;C:\Program Files\NetBeans 8.1\java\modules\ext\hibernate4\hibernate-core-4.3.1.Final.jar;C:\Program Files\NetBeans 8.1\java\modules\ext\hibernate4\jboss-logging-3.1.3.GA.jar;C:\Program Files\NetBeans 8.1\java\modules\ext\hibernate4\hibernate-commons-annotations-4.0.4.Final.jar;C:\Program Files\NetBeans 8.1\java\modules\ext\hibernate4\hibernate-entitymanager-4.3.1.Final.jar;C:\Program Files\NetBeans 8.1\java\modules\ext\hibernate4\javassist-3.18.1-GA.jar;C:\Program Files\NetBeans 8.1\java\modules\ext\hibernate4\jboss-transaction-api_1.2_spec-1.0.0.Final.jar;C:\Program Files\NetBeans 8.1\java\modules\ext\hibernate4\slf4j-api-1.6.1.jar;C:\Program Files\NetBeans 8.1\java\modules\ext\hibernate4\slf4j-simple-1.6.1.jar" />
    <property name="nb.native.filechooser" value="false" />
    <property name="libs.restapi.src" value="" />
    <property name="sun.management.compiler" value="HotSpot 64-Bit Tiered Compilers" />
    <property name="libs.j2me_common_ant.javadoc" value="" />
    <property name="javac.deprecation" value="false" />
    <property name="javadoc.use" value="true" />
    <property name="sun.java2d.noddraw" value="true" />
    <property name="libs.jsp-compiler.classpath" value="C:\Program Files\NetBeans 8.1\enterprise\ant\extra\jspcompile.jar" />
    <property name="javac.processorpath" value="" />
    <property name="libs.hamcrest.maven-pom" value="" />
    <property name="javac.compilerargs" value="" />
    <property name="ant.file" value="C:\Users\pjhud\Documents\NetBeansProjects\operating-system-simulator\OperatingSystemSimulator\build.xml" />
    <property name="libs.beans-binding.maven-pom" value="" />
    <property name="libs.hibernate4-support.javadoc" value="C:\Program Files\NetBeans 8.1\java\modules\ext\docs\javax.persistence-2.1.0-doc.zip" />
    <property name="libs.jsf12.classpath" value="C:\Program Files\NetBeans 8.1\enterprise\modules\ext\jsf-1_2\commons-beanutils.jar;C:\Program Files\NetBeans 8.1\enterprise\modules\ext\jsf-1_2\commons-collections.jar;C:\Program Files\NetBeans 8.1\enterprise\modules\ext\jsf-1_2\commons-digester.jar;C:\Program Files\NetBeans 8.1\enterprise\modules\ext\jsf-1_2\commons-logging.jar;C:\Program Files\NetBeans 8.1\enterprise\modules\ext\jsf-1_2\jsf-api.jar;C:\Program Files\NetBeans 8.1\enterprise\modules\ext\jsf-1_2\jsf-impl.jar" />
    <property name="libs.jstl.maven-pom" value="" />
    <property name="libs.restapi.maven-pom" value="" />
    <property name="libs.beans-binding.src" value="" />
    <property name="java.vm.specification.vendor" value="Oracle Corporation" />
    <property name="libs.DataBindingME-PIM.javadoc" value="C:\Program Files\NetBeans 8.1\mobility\modules\docs\netbeans_databindingme_pim-api.zip" />
    <property name="libs.swing-layout.src" value="C:\Program Files\NetBeans 8.1\platform\docs\swing-layout-1.0.4-src.zip" />
    <property name="org.openide.major.version" value="IDE/1" />
    <property name="java.vm.name" value="Java HotSpot(TM) 64-Bit Server VM" />
    <property name="netbeans.user" value="C:\Users\pjhud\AppData\Roaming\NetBeans\8.1" />
    <property name="javadoc.additionalparam" value="" />
    <property name="java.io.tmpdir" value="C:\Users\pjhud\AppData\Local\Temp\" />
    <property name="java.vendor.url" value="http://java.oracle.com/" />
    <property name="endorsed.classpath.cmd.line.arg" value="" />
    <property name="junit.available" value="true" />
    <property name="libs.jsp-compiler.src" value="" />
    <property name="sun.boot.library.path" value="C:\Program Files\Java\jdk1.8.0_101\jre\bin" />
    <property name="have.sources" value="true" />
    <property name="libs.hamcrest.javadoc" value="" />
    <property name="debug.classpath" value=":build/classes" />
    <property name="javac.external.vm" value="true" />
    <property name="javadoc.private" value="false" />
    <property name="test.src.dir" value="test" />
    <property name="libs.jsf20.classpath" value="C:\Program Files\NetBeans 8.1\enterprise\modules\ext\jsf-2_2\javax.faces.jar" />
    <property name="ap.processors.internal" value="" />
    <property name="meta.inf.dir" value="src/META-INF" />
    <property name="javadoc.encoding.used" value="UTF-8" />
    <property name="libs.DataBindingME-SVG.src" value="C:\Program Files\NetBeans 8.1\mobility\sources\netbeans_databindingme_svg-src.zip" />
    <property name="dist.jar" value="dist/OperatingSystemSimulator.jar" />
    <property name="libs.spring-framework400.maven-pom" value="" />
    <property name="java.runtime.name" value="Java(TM) SE Runtime Environment" />
    <property name="ant.project.name" value="OperatingSystemSimulator" />
    <property name="netbeans.hash.code" value="unique=NB_CND_EXTIDE_GFMOD_GROOVY_JAVA_JC_MOB_PHP_WEBCOMMON_WEBEE0d2782a19-62a9-456b-ba0b-98e52ef4df5f_4c7615fc-76ff-4ad3-830f-4c6a9d1a0f7a" />
    <property name="netbeans.default_userdir_root" value="C:\Users\pjhud\AppData\Roaming\NetBeans" />
    <property name="libs.jsp-compilation-syscp.maven-pom" value="" />
    <property name="sun.cpu.isalist" value="amd64" />
    <property name="libs.spring-framework400.javadoc" value="" />
    <property name="libs.CopyLibs.javadoc" value="" />
    <property name="org.openide.specification.version" value="6.2" />
    <property name="libs.DataBindingME-PIM.classpath" value="C:\Program Files\NetBeans 8.1\mobility\modules\ext\netbeans_databindingme_pim.jar" />
    <property name="user.home" value="C:\Users\pjhud" />
    <property name="annotation.processing.processors.list" value="" />
    <property name="libs.primefaces.maven-pom" value="" />
    <property name="debug-args-line" value="-Xdebug" />
    <property name="libs.javaee-api-6.0.maven-pom" value="" />
    <property name="libs.JWSAntTasks.src" value="" />
    <property name="jar.index" value="false" />
    <property name="libs.CopyLibs.maven-pom" value="" />
    <property name="libs.spring-framework300.javadoc" value="" />
    <property name="libs.absolutelayout.javadoc" value="" />
    <property name="java.specification.name" value="Java Platform API Specification" />
    <property name="do.archive+main.class.available" value="true" />
    <property name="java.specification.vendor" value="Oracle Corporation" />
    <property name="libs.javac-api.classpath" value="C:\Program Files\NetBeans 8.1\java\modules\ext\nb-javac-api.jar" />
    <property name="java.version" value="1.8.0_101" />
    <property name="run.jvmargs.ide" value="" />
    <property name="javadoc.version" value="false" />
    <property name="libs.MySQLDriver.javadoc" value="" />
    <property name="org.openide.version" value="deprecated" />
    <property name="platform.java" value="C:\Program Files\Java\jdk1.8.0_101\jre/bin/java" />
    <property name="source.encoding" value="UTF-8" />
    <property name="ap.cmd.line.internal" value="" />
    <property name="libs.eclipselinkmodelgen.maven-pom" value="" />
    <property name="libs.jsp-compilation-syscp.javadoc" value="" />
    <property name="libs.eclipselinkmodelgen.javadoc" value="" />
    <property name="libs.javaee-endorsed-api-7.0.classpath" value="C:\Program Files\NetBeans 8.1\enterprise\modules\ext\javaee7-endorsed\javax.annotation-api.jar;C:\Program Files\NetBeans 8.1\enterprise\modules\ext\javaee7-endorsed\javax.xml.soap-api.jar;C:\Program Files\NetBeans 8.1\enterprise\modules\ext\javaee7-endorsed\jaxb-api-osgi.jar;C:\Program Files\NetBeans 8.1\enterprise\modules\ext\javaee7-endorsed\jaxws-api.jar;C:\Program Files\NetBeans 8.1\enterprise\modules\ext\javaee7-endorsed\jsr181-api.jar" />
    <property name="libs.metro.javadoc" value="C:\Program Files\NetBeans 8.1\enterprise\docs\metro-1.4-doc.zip" />
    <property name="libs.struts.maven-pom" value="" />
    <property name="netbeans.home+have.tests" value="true" />
    <property name="annotation.processing.processor.options" value="" />
    <property name="libs.testng.maven-pom" value="" />
    <property name="libs.jaxb.src" value="" />
    <property name="work.dir" value="C:\Users\pjhud\Documents\NetBeansProjects\operating-system-simulator\OperatingSystemSimulator" />
    <property name="libs.jaxb.classpath" value="C:\Program Files\NetBeans 8.1\ide\modules\ext\jaxb\jaxb-impl.jar;C:\Program Files\NetBeans 8.1\ide\modules\ext\jaxb\jaxb-xjc.jar;C:\Program Files\NetBeans 8.1\ide\modules\ext\jaxb\jaxb1-impl.jar;C:\Program Files\NetBeans 8.1\ide\modules\ext\jaxb\activation.jar;C:\Program Files\NetBeans 8.1\ide\modules\ext\jaxb\api\jaxb-api.jar;C:\Program Files\NetBeans 8.1\ide\modules\ext\jaxb\api\jsr173_1.0_api.jar" />
    <property name="do.depend" value="false" />
    <property name="scala.class.path" value="" />
    <property name="dist.javadoc.dir" value="dist/javadoc" />
    <property name="libs.j2me_common_ant.classpath" value="C:\Program Files\NetBeans 8.1\mobility\modules\org-netbeans-modules-j2me-common-ant.jar;C:\Program Files\NetBeans 8.1\java\modules\org-netbeans-modules-classfile.jar" />
    <property name="libs.spring-webmvc3.0.classpath" value="C:\Program Files\NetBeans 8.1\java\modules\ext\spring-3.0\spring-webmvc-3.2.7.RELEASE.jar" />
    <property name="libs.swing-layout.classpath" value="C:\Program Files\NetBeans 8.1\platform\modules\ext\swing-layout-1.0.4.jar" />
    <property name="libs.javaee-web-api-7.0.maven-pom" value="" />
    <property name="libs.restlib.src" value="" />
    <property name="build.generated.dir" value="build/generated" />
    <property name="javac.source" value="1.8" />
    <property name="line.separator" value="&#xd;&#xa;" />
    <property name="ant.file.OperatingSystemSimulator-impl" value="C:\Users\pjhud\Documents\NetBeansProjects\operating-system-simulator\OperatingSystemSimulator\nbproject\build-impl.xml" />
    <property name="java.specification.version" value="1.8" />
    <property name="java.vm.info" value="mixed mode" />
    <property name="libs.jaxws21.maven-pom" value="" />
    <property name="nb.junit.batch" value="true" />
    <property name="junit.forkmode" value="perTest" />
    <property name="sun.boot.class.path" value="C:\Program Files\Java\jdk1.8.0_101\jre\lib\resources.jar;C:\Program Files\Java\jdk1.8.0_101\jre\lib\rt.jar;C:\Program Files\Java\jdk1.8.0_101\jre\lib\sunrsasign.jar;C:\Program Files\Java\jdk1.8.0_101\jre\lib\jsse.jar;C:\Program Files\Java\jdk1.8.0_101\jre\lib\jce.jar;C:\Program Files\Java\jdk1.8.0_101\jre\lib\charsets.jar;C:\Program Files\Java\jdk1.8.0_101\jre\lib\jfr.jar;C:\Program Files\Java\jdk1.8.0_101\jre\classes" />
    <property name="javac.target" value="1.8" />
    <property name="built-jar.properties" value="C:\Users\pjhud\Documents\NetBeansProjects\operating-system-simulator\OperatingSystemSimulator\build\built-jar.properties" />
    <property name="build.test.classes.dir" value="build/test/classes" />
    <property name="src.dir" value="src" />
    <property name="annotation.processing.enabled" value="true" />
    <property name="libs.jpa2-persistence.src" value="" />
    <property name="sun.awt.keepWorkingSetOnMinimize" value="true" />
    <property name="libs.jsf20.src" value="" />
    <property name="libs.jpa20-persistence.src" value="" />
    <property name="libs.DataBindingME-SVG.maven-pom" value="" />
    <property name="libs.jsf12.src" value="" />
    <property name="libs.struts.javadoc" value="C:\Program Files\NetBeans 8.1\enterprise\docs\struts-1.3.10-javadoc.zip" />
    <property name="ignore.failing.tests" value="true" />
    <property name="libs.javaee-web-api-7.0.src" value="" />
    <property name="libs.primefaces.src" value="" />
    <property name="dist.dir" value="dist" />
    <property name="libs.groovy-all.javadoc" value="" />
    <property name="testng.debug.mode" value="" />
    <property name="javac.fork" value="true" />
    <property name="libs.groovy-all.classpath" value="C:\Program Files\NetBeans 8.1\groovy\modules\ext\groovy-all.jar" />
    <property name="java.awt.printerjob" value="sun.awt.windows.WPrinterJob" />
    <property name="default.javac.source" value="1.8" />
    <property name="debug-transport-by-os" value="dt_shmem" />
    <property name="libs.MySQLDriver.src" value="" />
    <property name="sun.jnu.encoding" value="Cp1252" />
    <property name="java.runtime.version" value="1.8.0_101-b13" />
    <property name="build.test.results.dir" value="build/test/results" />
    <property name="default.javac.target" value="1.8" />
    <property name="libs.junit_4.classpath" value="C:\Program Files\NetBeans 8.1\platform\modules\ext\junit-4.12.jar" />
    <property name="user.timezone" value="" />
    <property name="nb.junit.single" value="false" />
    <property name="libs.javaee-endorsed-api-6.0.maven-pom" value="" />
    <property name="netbeans.dirs" value="C:\Program Files\NetBeans 8.1\nb;C:\Program Files\NetBeans 8.1\ergonomics;C:\Program Files\NetBeans 8.1\ide;C:\Program Files\NetBeans 8.1\extide;C:\Program Files\NetBeans 8.1\java;C:\Program Files\NetBeans 8.1\apisupport;C:\Program Files\NetBeans 8.1\webcommon;C:\Program Files\NetBeans 8.1\websvccommon;C:\Program Files\NetBeans 8.1\enterprise;C:\Program Files\NetBeans 8.1\mobility;C:\Program Files\NetBeans 8.1\profiler;C:\Program Files\NetBeans 8.1\python;C:\Program Files\NetBeans 8.1\php;C:\Program Files\NetBeans 8.1\identity;C:\Program Files\NetBeans 8.1\harness;C:\Program Files\NetBeans 8.1\cnd;C:\Program Files\NetBeans 8.1\cndext;C:\Program Files\NetBeans 8.1\dlight;C:\Program Files\NetBeans 8.1\groovy;C:\Program Files\NetBeans 8.1\extra;C:\Program Files\NetBeans 8.1\javacard;C:\Program Files\NetBeans 8.1\javafx" />
    <property name="libs.jsf20.javadoc" value="C:\Program Files\NetBeans 8.1\enterprise\docs\javaee-doc-api.jar" />
    <property name="libs.jstl.javadoc" value="C:\Program Files\NetBeans 8.1\enterprise\docs\javaee-doc-api.jar" />
    <property name="java.ext.dirs" value="C:\Program Files\Java\jdk1.8.0_101\jre\lib\ext;C:\WINDOWS\Sun\Java\lib\ext" />
    <property name="libs.metro.src" value="" />
    <property name="libs.absolutelayout.classpath" value="C:\Program Files\NetBeans 8.1\java\modules\ext\AbsoluteLayout.jar" />
    <property name="excludes" value="" />
    <property name="libs.restlib.maven-pom" value="" />
    <property name="libs.metro.classpath" value="C:\Program Files\NetBeans 8.1\ide\modules\ext\jaxb\activation.jar;C:\Program Files\NetBeans 8.1\enterprise\modules\ext\metro\webservices-api.jar;C:\Program Files\NetBeans 8.1\enterprise\modules\ext\metro\webservices-extra-api.jar;C:\Program Files\NetBeans 8.1\enterprise\modules\ext\metro\webservices-extra.jar;C:\Program Files\NetBeans 8.1\enterprise\modules\ext\metro\webservices-rt.jar;C:\Program Files\NetBeans 8.1\enterprise\modules\ext\metro\webservices-tools.jar" />
    <property name="libs.jpa2-persistence.javadoc" value="C:\Program Files\NetBeans 8.1\java\modules\ext\docs\javax.persistence-2.1.0-doc.zip" />
    <property name="libs.DataBindingME.javadoc" value="C:\Program Files\NetBeans 8.1\mobility\modules\docs\netbeans_databindingme-api.zip" />
    <property name="apple.laf.useScreenMenuBar" value="true" />
    <property name="java.class.path" value="C:\Users\pjhud\Documents\NetBeansProjects\operating-system-simulator\OperatingSystemSimulator\build\classes;C:\Program Files\NetBeans 8.1\platform\modules\ext\junit-4.12.jar;C:\Program Files\NetBeans 8.1\platform\modules\ext\hamcrest-core-1.3.jar;C:\Users\pjhud\Documents\NetBeansProjects\operating-system-simulator\OperatingSystemSimulator\build\test\classes;C:\Program Files\NetBeans 8.1\extide\ant\lib\ant-launcher.jar;C:\Program Files\NetBeans 8.1\extide\ant\lib\ant.jar;C:\Program Files\NetBeans 8.1\extide\ant\lib\ant-junit.jar;C:\Program Files\NetBeans 8.1\extide\ant\lib\ant-junit4.jar" />
    <property name="do.mkdist" value="true" />
    <property name="libs.absolutelayout.src" value="" />
    <property name="libs.jpa20-persistence.classpath" value="C:\Program Files\NetBeans 8.1\java\modules\ext\eclipselink\javax.persistence_2.1.0.v201304241213.jar" />
    <property name="os.version" value="10.0" />
    <property name="application.args" value="" />
    <property name="libs.javaee-api-7.0.maven-pom" value="" />
    <property name="sun.awt.enableExtraMouseButtons" value="true" />
    <property name="main.class.available" value="true" />
    <property name="sun.desktop" value="windows" />
    <property name="libs.hibernate4-persistence.src" value="" />
    <property name="libs.hibernate4-support.maven-pom" value="" />
    <property name="libs.restlib.javadoc" value="" />
    <property name="libs.JAXB-ENDORSED.classpath" value="C:\Program Files\NetBeans 8.1\ide\modules\ext\jaxb\api\jaxb-api.jar" />
    <property name="nb.internal.action.name" value="test.single" />
    <property name="libs.eclipselink.classpath" value="C:\Program Files\NetBeans 8.1\java\modules\ext\eclipselink\eclipselink.jar;C:\Program Files\NetBeans 8.1\java\modules\ext\eclipselink\javax.persistence_2.1.0.v201304241213.jar;C:\Program Files\NetBeans 8.1\java\modules\ext\eclipselink\org.eclipse.persistence.jpa.jpql_2.5.2.v20140319-9ad6abd.jar" />
    <property name="libs.javaee-api-7.0.javadoc" value="C:\Program Files\NetBeans 8.1\enterprise\docs\javaee-doc-api.jar" />
    <property name="java.awt.graphicsenv" value="sun.awt.Win32GraphicsEnvironment" />
    <property name="libs.beans-binding.javadoc" value="C:\Program Files\NetBeans 8.1\java\docs\beansbinding-1.2.1-doc.zip" />
    <property name="java.vm.vendor" value="Oracle Corporation" />
    <property name="libs.CopyLibs.classpath" value="C:\Program Files\NetBeans 8.1\java\ant\extra\org-netbeans-modules-java-j2seproject-copylibstask.jar" />
    <property name="libs.spring-framework300.classpath" value="C:\Program Files\NetBeans 8.1\ide\modules\org-apache-commons-logging.jar;C:\Program Files\NetBeans 8.1\java\modules\ext\cglib-2.2.jar;C:\Program Files\NetBeans 8.1\java\modules\ext\spring-3.0\spring-aop-3.2.7.RELEASE.jar;C:\Program Files\NetBeans 8.1\java\modules\ext\spring-3.0\spring-aspects-3.2.7.RELEASE.jar;C:\Program Files\NetBeans 8.1\java\modules\ext\spring-3.0\spring-beans-3.2.7.RELEASE.jar;C:\Program Files\NetBeans 8.1\java\modules\ext\spring-3.0\spring-build-src-3.2.7.RELEASE.jar;C:\Program Files\NetBeans 8.1\java\modules\ext\spring-3.0\spring-context-3.2.7.RELEASE.jar;C:\Program Files\NetBeans 8.1\java\modules\ext\spring-3.0\spring-context-support-3.2.7.RELEASE.jar;C:\Program Files\NetBeans 8.1\java\modules\ext\spring-3.0\spring-core-3.2.7.RELEASE.jar;C:\Program Files\NetBeans 8.1\java\modules\ext\spring-3.0\spring-expression-3.2.7.RELEASE.jar;C:\Program Files\NetBeans 8.1\java\modules\ext\spring-3.0\spring-framework-bom-3.2.7.RELEASE.jar;C:\Program Files\NetBeans 8.1\java\modules\ext\spring-3.0\spring-instrument-3.2.7.RELEASE.jar;C:\Program Files\NetBeans 8.1\java\modules\ext\spring-3.0\spring-instrument-tomcat-3.2.7.RELEASE.jar;C:\Program Files\NetBeans 8.1\java\modules\ext\spring-3.0\spring-jdbc-3.2.7.RELEASE.jar;C:\Program Files\NetBeans 8.1\java\modules\ext\spring-3.0\spring-jms-3.2.7.RELEASE.jar;C:\Program Files\NetBeans 8.1\java\modules\ext\spring-3.0\spring-orm-3.2.7.RELEASE.jar;C:\Program Files\NetBeans 8.1\java\modules\ext\spring-3.0\spring-oxm-3.2.7.RELEASE.jar;C:\Program Files\NetBeans 8.1\java\modules\ext\spring-3.0\spring-struts-3.2.7.RELEASE.jar;C:\Program Files\NetBeans 8.1\java\modules\ext\spring-3.0\spring-test-3.2.7.RELEASE.jar;C:\Program Files\NetBeans 8.1\java\modules\ext\spring-3.0\spring-tx-3.2.7.RELEASE.jar;C:\Program Files\NetBeans 8.1\java\modules\ext\spring-3.0\spring-web-3.2.7.RELEASE.jar;C:\Program Files\NetBeans 8.1\java\modules\ext\spring-3.0\spring-webmvc-3.2.7.RELEASE.jar;C:\Program Files\NetBeans 8.1\java\modules\ext\spring-3.0\spring-webmvc-portlet-3.2.7.RELEASE.jar" />
    <property name="libs.jsp-compiler.maven-pom" value="" />
    <property name="libs.hamcrest.src" value="" />
    <property name="run.jvmargs" value="" />
    <property name="libs.hibernate4-persistence.classpath" value="C:\Program Files\NetBeans 8.1\java\modules\ext\hibernate4\antlr-2.7.7.jar;C:\Program Files\NetBeans 8.1\java\modules\ext\hibernate4\c3p0-0.9.2.1.jar;C:\Program Files\NetBeans 8.1\java\modules\ext\hibernate4\hibernate-c3p0-4.3.1.Final.jar;C:\Program Files\NetBeans 8.1\java\modules\ext\hibernate4\mchange-commons-java-0.2.3.4.jar;C:\Program Files\NetBeans 8.1\java\modules\ext\hibernate4\dom4j-1.6.1.jar;C:\Program Files\NetBeans 8.1\java\modules\ext\hibernate4\ehcache-core-2.4.3.jar;C:\Program Files\NetBeans 8.1\java\modules\ext\hibernate4\hibernate-ehcache-4.3.1.Final.jar;C:\Program Files\NetBeans 8.1\java\modules\ext\hibernate4\hibernate-core-4.3.1.Final.jar;C:\Program Files\NetBeans 8.1\java\modules\ext\hibernate4\jboss-logging-3.1.3.GA.jar;C:\Program Files\NetBeans 8.1\java\modules\ext\hibernate4\hibernate-commons-annotations-4.0.4.Final.jar;C:\Program Files\NetBeans 8.1\java\modules\ext\hibernate4\hibernate-entitymanager-4.3.1.Final.jar;C:\Program Files\NetBeans 8.1\java\modules\ext\hibernate4\javassist-3.18.1-GA.jar;C:\Program Files\NetBeans 8.1\java\modules\ext\hibernate4\jboss-transaction-api_1.2_spec-1.0.0.Final.jar;C:\Program Files\NetBeans 8.1\java\modules\ext\hibernate4\slf4j-api-1.6.1.jar;C:\Program Files\NetBeans 8.1\java\modules\ext\hibernate4\slf4j-simple-1.6.1.jar;C:\Program Files\NetBeans 8.1\java\modules\ext\hibernate4\hibernate-jpa-2.1-api-1.0.0.Final.jar" />
    <property name="dist.archive.excludes" value="" />
    <property name="libs.JAXB-ENDORSED.src" value="" />
    <property name="libs.testng.javadoc" value="C:\Program Files\NetBeans 8.1\platform\docs\testng-6.8.1-javadoc.zip" />
    <property name="libs.DataBindingME-PIM.src" value="C:\Program Files\NetBeans 8.1\mobility\sources\netbeans_databindingme_pim-src.zip" />
    <property name="user.script" value="" />
    <property name="libs.PostgreSQLDriver.classpath" value="C:\Program Files\NetBeans 8.1\ide\modules\ext\postgresql-9.2-1002.jdbc4.jar" />
    <property name="libs.jsf12.maven-pom" value="" />
    <property name="libs.hibernate4-persistencemodelgen.classpath" value="C:\Program Files\NetBeans 8.1\java\modules\ext\hibernate4\hibernate-jpamodelgen-4.3.1.Final.jar" />
    <property name="annotation.processing.source.output" value="build/generated-sources/ap-source-output" />
    <property name="main.class" value="proto312.Proto312" />
    <property name="build.dir" value="build" />
    <property name="libs.CopyLibs.src" value="" />
    <property name="libs.jsp-compilation.classpath" value="C:\Program Files\NetBeans 8.1\extide\ant\lib\ant.jar;C:\Program Files\NetBeans 8.1\enterprise\modules\ext\servlet3.1-jsp2.3-api.jar;C:\Program Files\NetBeans 8.1\enterprise\modules\ext\glassfish-jspparser-4.0.jar;C:\Program Files\NetBeans 8.1\enterprise\modules\ext\jsf-2_2\javax.faces.jar;C:\Program Files\NetBeans 8.1\enterprise\modules\ext\jstl-api.jar;C:\Program Files\NetBeans 8.1\extide\ant\lib\ant-launcher.jar" />
    <property name="ant.version" value="Apache Ant(TM) version 1.9.4 compiled on April 29 2014" />
    <property name="file.encoding" value="Cp1252" />
    <property name="build.classes.excludes" value="**/*.java,**/*.form" />
    <property name="jdkBug6558476" value="false" />
    <property name="javadoc.nonavbar" value="false" />
    <property name="libs.spring-webmvc4.0.classpath" value="C:\Program Files\NetBeans 8.1\java\modules\ext\spring-4\spring-webmvc-4.0.1.RELEASE.jar" />
    <property name="platform.active" value="default_platform" />
    <property name="awt.toolkit" value="sun.awt.windows.WToolkit" />
    <property name="libs.javaee-web-api-7.0.javadoc" value="C:\Program Files\NetBeans 8.1\enterprise\docs\javaee-doc-api.jar" />
  </properties>
  <testcase classname="simulator.DummyIntegrationTest" name="runTwoProcesses" time="0.0">
<<<<<<< HEAD
    <skipped />
  </testcase>
  <testcase classname="simulator.DummyIntegrationTest" name="runFiveProcesses" time="0.0">
    <skipped />
  </testcase>
  <testcase classname="simulator.DummyIntegrationTest" name="runShellTest" time="0.011" />
  <system-out><![CDATA[CPU 25-cycle 1 start
Running Process:
=======
    <skipped />
  </testcase>
  <testcase classname="simulator.DummyIntegrationTest" name="runFiveProcesses" time="0.25" />
  <testcase classname="simulator.DummyIntegrationTest" name="runShellTest" time="0.0">
    <skipped />
  </testcase>
  <system-out><![CDATA[Running Process:
>>>>>>> 85d1aef655b163f507fb490cb22deb4121ffd155
  Pid: 0, Program: backgroundProcess, PC: -1, Cpu Used: 0
Ready Processes:
Standby Processes:

Interrupted 0 at -1/0
Interrupted 0 at 0/-6
Interrupted 0 at 0/-11
Interrupted 0 at 0/-16
Interrupted 0 at 0/-21
CPU 25-cycle 1 end
Loading process1
Running Process:
  Pid: 0, Program: backgroundProcess, PC: 0, Cpu Used: 20
Ready Processes:
Standby Processes:

Interrupted 0 at 0/-26
Interrupted 0 at 0/-31
Interrupted 0 at 0/-36
Interrupted 0 at 0/-41
Loading process2
Running Process:
  Pid: 0, Program: backgroundProcess, PC: 0, Cpu Used: 41
Ready Processes:
Standby Processes:

Interrupted 0 at 0/-46
Interrupted 0 at 0/-51
Interrupted 0 at 0/-56
Process 1 aquired resource
<<<<<<< HEAD
Interrupted 1 at 1/28
=======
Interrupted 1 at 1/31
>>>>>>> 85d1aef655b163f507fb490cb22deb4121ffd155
Process 2 failed to aquire resource
Interrupted 2 at 0/1
Interrupted 0 at 0/-61
<<<<<<< HEAD
Interrupted 1 at 1/23
Process 2 failed to aquire resource
Interrupted 2 at 0/1
Interrupted 0 at 0/-66
Interrupted 1 at 1/18
Process 2 failed to aquire resource
Interrupted 2 at 0/1
Interrupted 0 at 0/-71
Interrupted 1 at 1/13
Process 2 failed to aquire resource
Interrupted 2 at 0/1
=======
Interrupted 1 at 1/26
Process 2 failed to aquire resource
Interrupted 2 at 0/1
Interrupted 0 at 0/-66
Running Process:
  Pid: 1, Program: IOprogram, PC: 1, Cpu Used: 12
Ready Processes:
  Pid: 2, Program: IOprogram, PC: 0, Cpu Used: 2
  Pid: 0, Program: backgroundProcess, PC: 0, Cpu Used: 65
Standby Processes:

Loading process 4
Running Process:
  Pid: 1, Program: IOprogram, PC: 1, Cpu Used: 12
Ready Processes:
  Pid: 2, Program: IOprogram, PC: 0, Cpu Used: 2
  Pid: 0, Program: backgroundProcess, PC: 0, Cpu Used: 65
Standby Processes:

Interrupted 1 at 1/21
Process 2 failed to aquire resource
Interrupted 2 at 0/1
Interrupted 0 at 0/-71
Interrupted 1 at 1/16
Process 4 failed to aquire resource
Interrupted 4 at 0/1
Process 3 failed to aquire resource
Interrupted 3 at 0/1
Running Process:
  Pid: 4, Program: IOprogram, PC: 0, Cpu Used: 2
Ready Processes:
  Pid: 3, Program: IOprogram, PC: 0, Cpu Used: 1
Standby Processes:
  Pid: 2, Program: IOprogram, PC: 0, Cpu Used: 3
  Pid: 0, Program: backgroundProcess, PC: 0, Cpu Used: 70
  Pid: 1, Program: IOprogram, PC: 1, Cpu Used: 19

Loading process 5
Running Process:
  Pid: 4, Program: IOprogram, PC: 0, Cpu Used: 2
Ready Processes:
  Pid: 3, Program: IOprogram, PC: 0, Cpu Used: 1
Standby Processes:
  Pid: 2, Program: IOprogram, PC: 0, Cpu Used: 3
  Pid: 0, Program: backgroundProcess, PC: 0, Cpu Used: 70
  Pid: 1, Program: IOprogram, PC: 1, Cpu Used: 19

Process 4 failed to aquire resource
Interrupted 4 at 0/1
Process 3 failed to aquire resource
Interrupted 3 at 0/1
Process 4 failed to aquire resource
Interrupted 4 at 0/1
Process 3 failed to aquire resource
Interrupted 3 at 0/1
Process 4 failed to aquire resource
Interrupted 4 at 0/1
Process 3 failed to aquire resource
Interrupted 3 at 0/1
Process 4 failed to aquire resource
Interrupted 4 at 0/1
Process 3 failed to aquire resource
Interrupted 3 at 0/1
Process 4 failed to aquire resource
Running Process:
  Pid: 4, Program: IOprogram, PC: 0, Cpu Used: 6
Ready Processes:
  Pid: 3, Program: IOprogram, PC: 0, Cpu Used: 5
Standby Processes:
  Pid: 2, Program: IOprogram, PC: 0, Cpu Used: 3
  Pid: 0, Program: backgroundProcess, PC: 0, Cpu Used: 70
  Pid: 1, Program: IOprogram, PC: 1, Cpu Used: 19

Running Process:
  Pid: 4, Program: IOprogram, PC: 0, Cpu Used: 6
Ready Processes:
  Pid: 3, Program: IOprogram, PC: 0, Cpu Used: 5
Standby Processes:
  Pid: 2, Program: IOprogram, PC: 0, Cpu Used: 3
  Pid: 0, Program: backgroundProcess, PC: 0, Cpu Used: 70
  Pid: 1, Program: IOprogram, PC: 1, Cpu Used: 19

Interrupted 4 at 0/1
>>>>>>> 85d1aef655b163f507fb490cb22deb4121ffd155
Interrupted 0 at 0/-76
Interrupted 1 at 1/8
Process 2 failed to aquire resource
Interrupted 2 at 0/1
Interrupted 0 at 0/-81
Interrupted 1 at 1/3
Process 2 failed to aquire resource
Interrupted 2 at 0/1
Interrupted 0 at 0/-86
Interrupted 1 at 2/0
Process 2 aquired resource
Interrupted 2 at 1/46
Interrupted 0 at 0/-91
Interrupted 1 at 3/15
Interrupted 2 at 1/41
Interrupted 0 at 0/-96
Interrupted 1 at 3/10
Interrupted 2 at 1/36
Interrupted 0 at 0/-101
Interrupted 1 at 3/5
Interrupted 2 at 1/31
Interrupted 0 at 0/-106
Interrupted 1 at 3/0
Interrupted 2 at 1/26
Interrupted 0 at 0/-111
<<<<<<< HEAD
Terminating 1
Interrupted 1 at 4/0
Running Process:
  Pid: 2, Program: process2, PC: 1, Cpu Used: 31
=======
Running Process:
  Pid: 2, Program: IOprogram, PC: 0, Cpu Used: 9
Ready Processes:
  Pid: 0, Program: backgroundProcess, PC: 0, Cpu Used: 110
Standby Processes:
  Pid: 4, Program: IOprogram, PC: 0, Cpu Used: 11
  Pid: 5, Program: IOprogram, PC: 0, Cpu Used: 6
  Pid: 1, Program: IOprogram, PC: 1, Cpu Used: 19
  Pid: 3, Program: IOprogram, PC: 0, Cpu Used: 5

Process 2 failed to aquire resource
Interrupted 2 at 0/1
Interrupted 0 at 0/-116
Process 2 failed to aquire resource
Interrupted 2 at 0/1
Interrupted 0 at 0/-121
Process 2 failed to aquire resource
Interrupted 2 at 0/1
Running Process:
  Pid: 0, Program: backgroundProcess, PC: 0, Cpu Used: 124
Ready Processes:
  Pid: 2, Program: IOprogram, PC: 0, Cpu Used: 12
Standby Processes:
  Pid: 4, Program: IOprogram, PC: 0, Cpu Used: 11
  Pid: 5, Program: IOprogram, PC: 0, Cpu Used: 6
  Pid: 1, Program: IOprogram, PC: 1, Cpu Used: 19
  Pid: 3, Program: IOprogram, PC: 0, Cpu Used: 5

Interrupted 0 at 0/-126
Process 2 failed to aquire resource
Interrupted 2 at 0/1
Interrupted 0 at 0/-131
Interrupted 1 at 1/11
Process 5 failed to aquire resource
Interrupted 5 at 0/1
Running Process:
  Pid: 1, Program: IOprogram, PC: 1, Cpu Used: 29
Ready Processes:
  Pid: 5, Program: IOprogram, PC: 0, Cpu Used: 7
Standby Processes:
  Pid: 2, Program: IOprogram, PC: 0, Cpu Used: 13
  Pid: 0, Program: backgroundProcess, PC: 0, Cpu Used: 130
  Pid: 4, Program: IOprogram, PC: 0, Cpu Used: 11
  Pid: 3, Program: IOprogram, PC: 0, Cpu Used: 5

Interrupted 1 at 1/6
Process 5 failed to aquire resource
Interrupted 5 at 0/1
Interrupted 1 at 1/1
Process 5 failed to aquire resource
Interrupted 5 at 0/1
Interrupted 1 at 3/18
Process 5 aquired resource
Interrupted 5 at 1/27
Running Process:
  Pid: 1, Program: IOprogram, PC: 3, Cpu Used: 38
Ready Processes:
  Pid: 5, Program: IOprogram, PC: 1, Cpu Used: 13
Standby Processes:
  Pid: 2, Program: IOprogram, PC: 0, Cpu Used: 13
  Pid: 0, Program: backgroundProcess, PC: 0, Cpu Used: 130
  Pid: 4, Program: IOprogram, PC: 0, Cpu Used: 11
  Pid: 3, Program: IOprogram, PC: 0, Cpu Used: 5

Interrupted 1 at 3/13
Interrupted 5 at 1/22
Interrupted 1 at 3/8
Interrupted 0 at 0/-136
Running Process:
  Pid: 2, Program: IOprogram, PC: 0, Cpu Used: 14
Ready Processes:
  Pid: 0, Program: backgroundProcess, PC: 0, Cpu Used: 135
Standby Processes:
  Pid: 5, Program: IOprogram, PC: 1, Cpu Used: 18
  Pid: 1, Program: IOprogram, PC: 3, Cpu Used: 48
  Pid: 3, Program: IOprogram, PC: 0, Cpu Used: 5
  Pid: 4, Program: IOprogram, PC: 0, Cpu Used: 11

Process 2 failed to aquire resource
Interrupted 2 at 0/1
Interrupted 0 at 0/-141
Process 2 failed to aquire resource
Interrupted 2 at 0/1
Interrupted 0 at 0/-146
Process 2 failed to aquire resource
Interrupted 2 at 0/1
Running Process:
  Pid: 0, Program: backgroundProcess, PC: 0, Cpu Used: 150
Ready Processes:
  Pid: 2, Program: IOprogram, PC: 0, Cpu Used: 16
Standby Processes:
  Pid: 5, Program: IOprogram, PC: 1, Cpu Used: 18
  Pid: 1, Program: IOprogram, PC: 3, Cpu Used: 48
  Pid: 3, Program: IOprogram, PC: 0, Cpu Used: 5
  Pid: 4, Program: IOprogram, PC: 0, Cpu Used: 11

Interrupted 0 at 0/-151
Process 2 failed to aquire resource
Interrupted 2 at 0/1
Interrupted 0 at 0/-156
Process 2 failed to aquire resource
Interrupted 2 at 0/1
Interrupted 0 at 0/-161
Process 3 failed to aquire resource
Interrupted 3 at 0/1
Running Process:
  Pid: 1, Program: IOprogram, PC: 3, Cpu Used: 51
Ready Processes:
  Pid: 3, Program: IOprogram, PC: 0, Cpu Used: 6
Standby Processes:
  Pid: 2, Program: IOprogram, PC: 0, Cpu Used: 18
  Pid: 0, Program: backgroundProcess, PC: 0, Cpu Used: 160
  Pid: 5, Program: IOprogram, PC: 1, Cpu Used: 18
  Pid: 4, Program: IOprogram, PC: 0, Cpu Used: 11

Interrupted 1 at 3/3
Process 3 failed to aquire resource
Interrupted 3 at 0/1
Terminating 1
Interrupted 1 at 4/0
Process 3 failed to aquire resource
Interrupted 3 at 0/1
Process 3 failed to aquire resource
Interrupted 3 at 0/1
Process 3 failed to aquire resource
Interrupted 3 at 0/1
Process 3 failed to aquire resource
Interrupted 3 at 0/1
Process 3 failed to aquire resource
Running Process:
  Pid: 3, Program: IOprogram, PC: 0, Cpu Used: 12
Ready Processes:
Standby Processes:
  Pid: 2, Program: IOprogram, PC: 0, Cpu Used: 18
  Pid: 0, Program: backgroundProcess, PC: 0, Cpu Used: 160
  Pid: 5, Program: IOprogram, PC: 1, Cpu Used: 18
  Pid: 4, Program: IOprogram, PC: 0, Cpu Used: 11

Interrupted 3 at 0/1
Process 3 failed to aquire resource
Interrupted 3 at 0/1
Process 3 failed to aquire resource
Interrupted 3 at 0/1
Interrupted 5 at 1/17
Interrupted 0 at 0/-166
Interrupted 5 at 1/12
Running Process:
  Pid: 0, Program: backgroundProcess, PC: 0, Cpu Used: 165
Ready Processes:
  Pid: 5, Program: IOprogram, PC: 1, Cpu Used: 28
Standby Processes:
  Pid: 3, Program: IOprogram, PC: 0, Cpu Used: 14
  Pid: 2, Program: IOprogram, PC: 0, Cpu Used: 18
  Pid: 4, Program: IOprogram, PC: 0, Cpu Used: 11

Interrupted 0 at 0/-171
Interrupted 5 at 1/7
Interrupted 0 at 0/-176
Interrupted 5 at 1/2
Running Process:
  Pid: 0, Program: backgroundProcess, PC: 0, Cpu Used: 176
Ready Processes:
  Pid: 5, Program: IOprogram, PC: 1, Cpu Used: 38
Standby Processes:
  Pid: 3, Program: IOprogram, PC: 0, Cpu Used: 14
  Pid: 2, Program: IOprogram, PC: 0, Cpu Used: 18
  Pid: 4, Program: IOprogram, PC: 0, Cpu Used: 11

Interrupted 0 at 0/-181
Interrupted 5 at 3/19
Interrupted 0 at 0/-186
Interrupted 5 at 3/14
Process 2 aquired resource
Running Process:
  Pid: 2, Program: IOprogram, PC: 0, Cpu Used: 19
Ready Processes:
  Pid: 3, Program: IOprogram, PC: 0, Cpu Used: 14
Standby Processes:
  Pid: 0, Program: backgroundProcess, PC: 0, Cpu Used: 185
  Pid: 5, Program: IOprogram, PC: 3, Cpu Used: 47
  Pid: 4, Program: IOprogram, PC: 0, Cpu Used: 11

Interrupted 2 at 1/31
Process 3 failed to aquire resource
Interrupted 3 at 0/1
Interrupted 2 at 1/26
Process 3 failed to aquire resource
Interrupted 3 at 0/1
Interrupted 2 at 1/21
Process 3 failed to aquire resource
Interrupted 3 at 0/1
Running Process:
  Pid: 2, Program: IOprogram, PC: 1, Cpu Used: 32
Ready Processes:
  Pid: 3, Program: IOprogram, PC: 0, Cpu Used: 17
Standby Processes:
  Pid: 0, Program: backgroundProcess, PC: 0, Cpu Used: 185
  Pid: 5, Program: IOprogram, PC: 3, Cpu Used: 47
  Pid: 4, Program: IOprogram, PC: 0, Cpu Used: 11

Interrupted 2 at 1/16
Process 3 failed to aquire resource
Interrupted 3 at 0/1
Interrupted 2 at 1/11
Process 3 failed to aquire resource
Interrupted 3 at 0/1
Interrupted 2 at 1/6
Running Process:
  Pid: 5, Program: IOprogram, PC: 3, Cpu Used: 48
Ready Processes:
  Pid: 0, Program: backgroundProcess, PC: 0, Cpu Used: 185
Standby Processes:
  Pid: 3, Program: IOprogram, PC: 0, Cpu Used: 19
  Pid: 2, Program: IOprogram, PC: 1, Cpu Used: 47
  Pid: 4, Program: IOprogram, PC: 0, Cpu Used: 11

Interrupted 5 at 3/9
Interrupted 0 at 0/-191
Interrupted 5 at 3/4
Interrupted 0 at 0/-196
Running Process:
  Pid: 5, Program: IOprogram, PC: 3, Cpu Used: 59
Ready Processes:
  Pid: 0, Program: backgroundProcess, PC: 0, Cpu Used: 195
Standby Processes:
  Pid: 3, Program: IOprogram, PC: 0, Cpu Used: 19
  Pid: 2, Program: IOprogram, PC: 1, Cpu Used: 47
  Pid: 4, Program: IOprogram, PC: 0, Cpu Used: 11

Terminating 5
Interrupted 5 at 4/0
Interrupted 0 at 0/-201
Interrupted 0 at 0/-206
Interrupted 0 at 0/-211
Running Process:
  Pid: 0, Program: backgroundProcess, PC: 0, Cpu Used: 213
Ready Processes:
Standby Processes:
  Pid: 3, Program: IOprogram, PC: 0, Cpu Used: 19
  Pid: 2, Program: IOprogram, PC: 1, Cpu Used: 47
  Pid: 4, Program: IOprogram, PC: 0, Cpu Used: 11

Interrupted 0 at 0/-216
Interrupted 0 at 0/-221
Interrupted 0 at 0/-226
Interrupted 2 at 1/1
Process 4 failed to aquire resource
Interrupted 4 at 0/1
Running Process:
  Pid: 2, Program: IOprogram, PC: 1, Cpu Used: 53
Ready Processes:
  Pid: 4, Program: IOprogram, PC: 0, Cpu Used: 12
Standby Processes:
  Pid: 0, Program: backgroundProcess, PC: 0, Cpu Used: 225
  Pid: 3, Program: IOprogram, PC: 0, Cpu Used: 19

Interrupted 2 at 3/18
Process 4 aquired resource
Interrupted 4 at 1/23
Interrupted 2 at 3/13
Interrupted 4 at 1/18
Running Process:
  Pid: 2, Program: IOprogram, PC: 3, Cpu Used: 63
Ready Processes:
  Pid: 4, Program: IOprogram, PC: 1, Cpu Used: 21
Standby Processes:
  Pid: 0, Program: backgroundProcess, PC: 0, Cpu Used: 225
  Pid: 3, Program: IOprogram, PC: 0, Cpu Used: 19

Interrupted 2 at 3/8
Interrupted 4 at 1/13
Interrupted 2 at 3/3
Interrupted 4 at 1/8
Running Process:
  Pid: 2, Program: IOprogram, PC: 3, Cpu Used: 74
Ready Processes:
  Pid: 4, Program: IOprogram, PC: 1, Cpu Used: 31
Standby Processes:
  Pid: 0, Program: backgroundProcess, PC: 0, Cpu Used: 225
  Pid: 3, Program: IOprogram, PC: 0, Cpu Used: 19

Terminating 2
Interrupted 2 at 4/0
Interrupted 0 at 0/-231
Process 3 failed to aquire resource
Interrupted 3 at 0/1
Interrupted 0 at 0/-236
Process 3 failed to aquire resource
Interrupted 3 at 0/1
Running Process:
  Pid: 0, Program: backgroundProcess, PC: 0, Cpu Used: 240
Ready Processes:
  Pid: 3, Program: IOprogram, PC: 0, Cpu Used: 21
Standby Processes:
  Pid: 4, Program: IOprogram, PC: 1, Cpu Used: 31

Interrupted 0 at 0/-241
Process 3 failed to aquire resource
Interrupted 3 at 0/1
Interrupted 0 at 0/-246
Process 3 failed to aquire resource
Interrupted 3 at 0/1
Interrupted 0 at 0/-251
Process 3 failed to aquire resource
Interrupted 3 at 0/1
Running Process:
  Pid: 0, Program: backgroundProcess, PC: 0, Cpu Used: 253
Ready Processes:
  Pid: 3, Program: IOprogram, PC: 0, Cpu Used: 24
Standby Processes:
  Pid: 4, Program: IOprogram, PC: 1, Cpu Used: 31

Interrupted 0 at 0/-256
Process 3 failed to aquire resource
Interrupted 3 at 0/1
Interrupted 0 at 0/-261
Interrupted 4 at 1/3
Process 3 failed to aquire resource
Interrupted 3 at 0/1
Running Process:
  Pid: 0, Program: backgroundProcess, PC: 0, Cpu Used: 264
Ready Processes:
  Pid: 4, Program: IOprogram, PC: 1, Cpu Used: 36
  Pid: 3, Program: IOprogram, PC: 0, Cpu Used: 26
Standby Processes:

Interrupted 0 at 0/-266
Interrupted 4 at 2/0
Process 3 aquired resource
Interrupted 3 at 1/28
Interrupted 0 at 0/-271
Running Process:
  Pid: 4, Program: IOprogram, PC: 2, Cpu Used: 45
Ready Processes:
  Pid: 3, Program: IOprogram, PC: 1, Cpu Used: 30
  Pid: 0, Program: backgroundProcess, PC: 0, Cpu Used: 270
Standby Processes:

Interrupted 4 at 3/15
Interrupted 3 at 1/23
Interrupted 0 at 0/-276
Interrupted 4 at 3/10
Interrupted 3 at 1/18
Running Process:
  Pid: 0, Program: backgroundProcess, PC: 0, Cpu Used: 275
Ready Processes:
  Pid: 4, Program: IOprogram, PC: 3, Cpu Used: 50
  Pid: 3, Program: IOprogram, PC: 1, Cpu Used: 40
Standby Processes:

Interrupted 0 at 0/-281
Interrupted 4 at 3/5
Interrupted 3 at 1/13
Interrupted 0 at 0/-286
Running Process:
  Pid: 4, Program: IOprogram, PC: 3, Cpu Used: 56
Ready Processes:
  Pid: 3, Program: IOprogram, PC: 1, Cpu Used: 45
  Pid: 0, Program: backgroundProcess, PC: 0, Cpu Used: 285
Standby Processes:

Interrupted 4 at 3/0
Interrupted 3 at 1/8
Interrupted 0 at 0/-291
Terminating 4
Interrupted 4 at 4/0
Interrupted 3 at 1/3
Running Process:
  Pid: 0, Program: backgroundProcess, PC: 0, Cpu Used: 290
Ready Processes:
  Pid: 3, Program: IOprogram, PC: 1, Cpu Used: 55
Standby Processes:

Interrupted 0 at 0/-296
Interrupted 3 at 2/0
Interrupted 0 at 0/-301
Interrupted 3 at 3/15
Running Process:
  Pid: 0, Program: backgroundProcess, PC: 0, Cpu Used: 301
Ready Processes:
  Pid: 3, Program: IOprogram, PC: 3, Cpu Used: 64
Standby Processes:

Interrupted 0 at 0/-306
Interrupted 3 at 3/10
Interrupted 0 at 0/-311
Interrupted 3 at 3/5
Running Process:
  Pid: 0, Program: backgroundProcess, PC: 0, Cpu Used: 312
Ready Processes:
  Pid: 3, Program: IOprogram, PC: 3, Cpu Used: 74
Standby Processes:

Interrupted 0 at 0/-316
Interrupted 3 at 3/0
Interrupted 0 at 0/-321
Terminating 3
Interrupted 3 at 4/0
Interrupted 0 at 0/-326
Running Process:
  Pid: 0, Program: backgroundProcess, PC: 0, Cpu Used: 326
Ready Processes:
Standby Processes:

Interrupted 0 at 0/-331
Interrupted 0 at 0/-336
Interrupted 0 at 0/-341
Interrupted 0 at 0/-346
Running Process:
  Pid: 0, Program: backgroundProcess, PC: 0, Cpu Used: 347
Ready Processes:
Standby Processes:

Interrupted 0 at 0/-351
Interrupted 0 at 0/-356
Interrupted 0 at 0/-361
Interrupted 0 at 0/-366
Running Process:
  Pid: 0, Program: backgroundProcess, PC: 0, Cpu Used: 368
Ready Processes:
Standby Processes:

Interrupted 0 at 0/-371
Interrupted 0 at 0/-376
Interrupted 0 at 0/-381
Interrupted 0 at 0/-386
Running Process:
  Pid: 0, Program: backgroundProcess, PC: 0, Cpu Used: 389
Ready Processes:
Standby Processes:

Interrupted 0 at 0/-391
Interrupted 0 at 0/-396
Interrupted 0 at 0/-401
Interrupted 0 at 0/-406
Running Process:
  Pid: 0, Program: backgroundProcess, PC: 0, Cpu Used: 410
Ready Processes:
Standby Processes:

Interrupted 0 at 0/-411
Interrupted 0 at 0/-416
Interrupted 0 at 0/-421
Interrupted 0 at 0/-426
Interrupted 0 at 0/-431
Running Process:
  Pid: 0, Program: backgroundProcess, PC: 0, Cpu Used: 430
Ready Processes:
Standby Processes:

Interrupted 0 at 0/-436
Interrupted 0 at 0/-441
Interrupted 0 at 0/-446
Interrupted 0 at 0/-451
Running Process:
  Pid: 0, Program: backgroundProcess, PC: 0, Cpu Used: 451
Ready Processes:
Standby Processes:

Interrupted 0 at 0/-456
Interrupted 0 at 0/-461
Interrupted 0 at 0/-466
Interrupted 0 at 0/-471
Running Process:
  Pid: 0, Program: backgroundProcess, PC: 0, Cpu Used: 472
Ready Processes:
Standby Processes:

Interrupted 0 at 0/-476
Interrupted 0 at 0/-481
Interrupted 0 at 0/-486
Interrupted 0 at 0/-491
Running Process:
  Pid: 0, Program: backgroundProcess, PC: 0, Cpu Used: 493
Ready Processes:
Standby Processes:

Interrupted 0 at 0/-496
Interrupted 0 at 0/-501
Interrupted 0 at 0/-506
Interrupted 0 at 0/-511
Running Process:
  Pid: 0, Program: backgroundProcess, PC: 0, Cpu Used: 514
>>>>>>> 85d1aef655b163f507fb490cb22deb4121ffd155
Ready Processes:
  Pid: 0, Program: backgroundProcess, PC: 0, Cpu Used: 110
Standby Processes:

]]></system-out>
  <system-err><![CDATA[]]></system-err>
</testsuite>
